[1.110s] [01m[K/home/nikhil/nourish_ws/src/ros2-nourish-scale/nourish_scale/src/scale_node.cpp:[m[K In constructor â€˜[01m[Knourish::scale::ScaleNode::ScaleNode(const string&)[m[Kâ€™:
[1.110s] [01m[K/home/nikhil/nourish_ws/src/ros2-nourish-scale/nourish_scale/src/scale_node.cpp:28:3:[m[K [01;31m[Kerror: [m[Kclass â€˜[01m[Knourish::scale::ScaleNode[m[Kâ€™ does not have any field named â€˜[01m[Kserial_port[m[Kâ€™
[1.111s]    [01;31m[Kserial_port[m[K(serial_port),
[1.111s]    [01;31m[K^~~~~~~~~~~[m[K
[1.118s] [01m[K/home/nikhil/nourish_ws/src/ros2-nourish-scale/nourish_scale/src/scale_node.cpp:[m[K In constructor â€˜[01m[Knourish::scale::ScaleNode::ScaleNode(const string&)[m[Kâ€™:
[1.118s] [01m[K/home/nikhil/nourish_ws/src/ros2-nourish-scale/nourish_scale/src/scale_node.cpp:28:3:[m[K [01;31m[Kerror: [m[Kclass â€˜[01m[Knourish::scale::ScaleNode[m[Kâ€™ does not have any field named â€˜[01m[Kserial_port[m[Kâ€™
[1.119s]    [01;31m[Kserial_port[m[K(serial_port),
[1.119s]    [01;31m[K^~~~~~~~~~~[m[K
[1.773s] make[2]: *** [CMakeFiles/nourish_scale_my_test.dir/src/scale_node.cpp.o] Error 1
[1.773s] make[1]: *** [CMakeFiles/nourish_scale_my_test.dir/all] Error 2
[1.773s] make[1]: *** Waiting for unfinished jobs....
[1.777s] make[2]: *** [CMakeFiles/scale.dir/src/scale_node.cpp.o] Error 1
[1.778s] make[1]: *** [CMakeFiles/scale.dir/all] Error 2
[1.778s] make: *** [all] Error 2
