[0.053s] Invoking command in '/home/nikhil/nourish_ws/build/nourish_scale': AMENT_PREFIX_PATH=/home/nikhil/nourish_ws/install/nourish_dcb:/home/nikhil/nourish_ws/install/serial:/home/nikhil/nourish_ws/install/nourish_scale_msgs:${AMENT_PREFIX_PATH} CMAKE_PREFIX_PATH=/home/nikhil/nourish_ws/install/nourish_dcb:/home/nikhil/nourish_ws/install/serial:/home/nikhil/nourish_ws/install/nourish_scale_msgs:${CMAKE_PREFIX_PATH} LD_LIBRARY_PATH=/home/nikhil/nourish_ws/install/nourish_dcb/lib:/home/nikhil/nourish_ws/install/serial/lib:/home/nikhil/nourish_ws/install/nourish_scale_msgs/lib:${LD_LIBRARY_PATH} PYTHONPATH=/home/nikhil/nourish_ws/install/nourish_scale_msgs/lib/python3.6/site-packages:${PYTHONPATH} /usr/bin/cmake --build /home/nikhil/nourish_ws/build/nourish_scale -- -j12 -l12
[0.100s] [35m[1mScanning dependencies of target scale[0m
[0.108s] [ 33%] Built target gtest
[0.108s] [ 33%] Built target gtest_main
[0.124s] [35m[1mScanning dependencies of target nourish_scale_my_test[0m
[0.133s] [ 50%] [32mBuilding CXX object CMakeFiles/scale.dir/src/scale_node.cpp.o[0m
[0.134s] [ 50%] [32mBuilding CXX object CMakeFiles/scale.dir/src/scale.cpp.o[0m
[0.134s] [ 58%] [32mBuilding CXX object CMakeFiles/scale.dir/src/scale_node_main.cpp.o[0m
[0.162s] [ 66%] [32mBuilding CXX object CMakeFiles/nourish_scale_my_test.dir/src/scale_node.cpp.o[0m
[0.163s] [ 75%] [32mBuilding CXX object CMakeFiles/nourish_scale_my_test.dir/test/sample_test.cpp.o[0m
[0.164s] [ 83%] [32mBuilding CXX object CMakeFiles/nourish_scale_my_test.dir/src/scale.cpp.o[0m
[1.110s] [01m[K/home/nikhil/nourish_ws/src/ros2-nourish-scale/nourish_scale/src/scale_node.cpp:[m[K In constructor â€˜[01m[Knourish::scale::ScaleNode::ScaleNode(const string&)[m[Kâ€™:
[1.110s] [01m[K/home/nikhil/nourish_ws/src/ros2-nourish-scale/nourish_scale/src/scale_node.cpp:28:3:[m[K [01;31m[Kerror: [m[Kclass â€˜[01m[Knourish::scale::ScaleNode[m[Kâ€™ does not have any field named â€˜[01m[Kserial_port[m[Kâ€™
[1.111s]    [01;31m[Kserial_port[m[K(serial_port),
[1.111s]    [01;31m[K^~~~~~~~~~~[m[K
[1.118s] [01m[K/home/nikhil/nourish_ws/src/ros2-nourish-scale/nourish_scale/src/scale_node.cpp:[m[K In constructor â€˜[01m[Knourish::scale::ScaleNode::ScaleNode(const string&)[m[Kâ€™:
[1.118s] [01m[K/home/nikhil/nourish_ws/src/ros2-nourish-scale/nourish_scale/src/scale_node.cpp:28:3:[m[K [01;31m[Kerror: [m[Kclass â€˜[01m[Knourish::scale::ScaleNode[m[Kâ€™ does not have any field named â€˜[01m[Kserial_port[m[Kâ€™
[1.119s]    [01;31m[Kserial_port[m[K(serial_port),
[1.119s]    [01;31m[K^~~~~~~~~~~[m[K
[1.773s] CMakeFiles/nourish_scale_my_test.dir/build.make:110: recipe for target 'CMakeFiles/nourish_scale_my_test.dir/src/scale_node.cpp.o' failed
[1.773s] CMakeFiles/Makefile2:137: recipe for target 'CMakeFiles/nourish_scale_my_test.dir/all' failed
[1.773s] make[2]: *** [CMakeFiles/nourish_scale_my_test.dir/src/scale_node.cpp.o] Error 1
[1.773s] make[1]: *** [CMakeFiles/nourish_scale_my_test.dir/all] Error 2
[1.773s] make[1]: *** Waiting for unfinished jobs....
[1.777s] CMakeFiles/scale.dir/build.make:110: recipe for target 'CMakeFiles/scale.dir/src/scale_node.cpp.o' failed
[1.777s] make[2]: *** [CMakeFiles/scale.dir/src/scale_node.cpp.o] Error 1
[1.778s] make[1]: *** [CMakeFiles/scale.dir/all] Error 2
[1.778s] make: *** [all] Error 2
[1.778s] CMakeFiles/Makefile2:67: recipe for target 'CMakeFiles/scale.dir/all' failed
[1.778s] Makefile:140: recipe for target 'all' failed
[1.779s] Invoked command in '/home/nikhil/nourish_ws/build/nourish_scale' returned '2': AMENT_PREFIX_PATH=/home/nikhil/nourish_ws/install/nourish_dcb:/home/nikhil/nourish_ws/install/serial:/home/nikhil/nourish_ws/install/nourish_scale_msgs:${AMENT_PREFIX_PATH} CMAKE_PREFIX_PATH=/home/nikhil/nourish_ws/install/nourish_dcb:/home/nikhil/nourish_ws/install/serial:/home/nikhil/nourish_ws/install/nourish_scale_msgs:${CMAKE_PREFIX_PATH} LD_LIBRARY_PATH=/home/nikhil/nourish_ws/install/nourish_dcb/lib:/home/nikhil/nourish_ws/install/serial/lib:/home/nikhil/nourish_ws/install/nourish_scale_msgs/lib:${LD_LIBRARY_PATH} PYTHONPATH=/home/nikhil/nourish_ws/install/nourish_scale_msgs/lib/python3.6/site-packages:${PYTHONPATH} /usr/bin/cmake --build /home/nikhil/nourish_ws/build/nourish_scale -- -j12 -l12
