[0.050s] Invoking command in '/home/nikhil/nourish_ws/build/nourish_scale': AMENT_PREFIX_PATH=/home/nikhil/nourish_ws/install/nourish_dcb:/home/nikhil/nourish_ws/install/serial:/home/nikhil/nourish_ws/install/nourish_scale_msgs:${AMENT_PREFIX_PATH} CMAKE_PREFIX_PATH=/home/nikhil/nourish_ws/install/nourish_dcb:/home/nikhil/nourish_ws/install/serial:/home/nikhil/nourish_ws/install/nourish_scale_msgs:${CMAKE_PREFIX_PATH} LD_LIBRARY_PATH=/home/nikhil/nourish_ws/install/nourish_dcb/lib:/home/nikhil/nourish_ws/install/serial/lib:/home/nikhil/nourish_ws/install/nourish_scale_msgs/lib:${LD_LIBRARY_PATH} PYTHONPATH=/home/nikhil/nourish_ws/install/nourish_scale_msgs/lib/python3.6/site-packages:${PYTHONPATH} /usr/bin/cmake --build /home/nikhil/nourish_ws/build/nourish_scale -- -j12 -l12
[0.110s] [35m[1mScanning dependencies of target scale[0m
[0.115s] [ 16%] Built target gtest_main
[0.120s] [ 33%] Built target gtest
[0.136s] [35m[1mScanning dependencies of target nourish_scale_my_test[0m
[0.143s] [ 41%] [32mBuilding CXX object CMakeFiles/scale.dir/src/scale_node_main.cpp.o[0m
[0.144s] [ 50%] [32mBuilding CXX object CMakeFiles/scale.dir/src/scale_node.cpp.o[0m
[0.146s] [ 58%] [32mBuilding CXX object CMakeFiles/scale.dir/src/scale.cpp.o[0m
[0.173s] [ 66%] [32mBuilding CXX object CMakeFiles/nourish_scale_my_test.dir/src/scale_node.cpp.o[0m
[0.174s] [ 75%] [32mBuilding CXX object CMakeFiles/nourish_scale_my_test.dir/test/sample_test.cpp.o[0m
[0.175s] [ 83%] [32mBuilding CXX object CMakeFiles/nourish_scale_my_test.dir/src/scale.cpp.o[0m
[2.480s] [ 91%] [32m[1mLinking CXX executable scale[0m
[2.625s] CMakeFiles/scale.dir/src/scale_node_main.cpp.o: In function `void __gnu_cxx::new_allocator<nourish::scale::ScaleNode>::construct<nourish::scale::ScaleNode>(nourish::scale::ScaleNode*)':
[2.626s] scale_node_main.cpp:(.text._ZN9__gnu_cxx13new_allocatorIN7nourish5scale9ScaleNodeEE9constructIS3_JEEEvPT_DpOT0_[_ZN9__gnu_cxx13new_allocatorIN7nourish5scale9ScaleNodeEE9constructIS3_JEEEvPT_DpOT0_]+0x32): undefined reference to `nourish::scale::ScaleNode::ScaleNode()'
[2.626s] collect2: error: ld returned 1 exit status
[2.627s] CMakeFiles/scale.dir/build.make:195: recipe for target 'scale' failed
[2.627s] make[2]: *** [scale] Error 1
[2.627s] make[1]: *** [CMakeFiles/scale.dir/all] Error 2
[2.627s] make[1]: *** Waiting for unfinished jobs....
[2.627s] CMakeFiles/Makefile2:67: recipe for target 'CMakeFiles/scale.dir/all' failed
[2.723s] [100%] [32m[1mLinking CXX executable nourish_scale_my_test[0m
[2.933s] [100%] Built target nourish_scale_my_test
[2.934s] make: *** [all] Error 2
[2.934s] Makefile:140: recipe for target 'all' failed
[2.936s] Invoked command in '/home/nikhil/nourish_ws/build/nourish_scale' returned '2': AMENT_PREFIX_PATH=/home/nikhil/nourish_ws/install/nourish_dcb:/home/nikhil/nourish_ws/install/serial:/home/nikhil/nourish_ws/install/nourish_scale_msgs:${AMENT_PREFIX_PATH} CMAKE_PREFIX_PATH=/home/nikhil/nourish_ws/install/nourish_dcb:/home/nikhil/nourish_ws/install/serial:/home/nikhil/nourish_ws/install/nourish_scale_msgs:${CMAKE_PREFIX_PATH} LD_LIBRARY_PATH=/home/nikhil/nourish_ws/install/nourish_dcb/lib:/home/nikhil/nourish_ws/install/serial/lib:/home/nikhil/nourish_ws/install/nourish_scale_msgs/lib:${LD_LIBRARY_PATH} PYTHONPATH=/home/nikhil/nourish_ws/install/nourish_scale_msgs/lib/python3.6/site-packages:${PYTHONPATH} /usr/bin/cmake --build /home/nikhil/nourish_ws/build/nourish_scale -- -j12 -l12
