[0.370s] [01m[K/home/nikhil/nourish_ws/src/serial-ros2/src/impl/unix.cc:[m[K In member function â€˜[01m[Kvoid serial::Serial::SerialImpl::open()[m[Kâ€™:
[0.370s] [01m[K/home/nikhil/nourish_ws/src/serial-ros2/src/impl/unix.cc:151:30:[m[K [01;31m[Kerror: [m[Kâ€˜[01m[Kport[m[Kâ€™ was not declared in this scope
[0.370s]        printf("File name %s", [01;31m[Kport[m[K.c_str())
[0.370s]                               [01;31m[K^~~~[m[K
[0.370s] [01m[K/home/nikhil/nourish_ws/src/serial-ros2/src/impl/unix.cc:151:30:[m[K [01;36m[Knote: [m[Ksuggested alternative: â€˜[01m[Kport_[m[Kâ€™
[0.370s]        printf("File name %s", [01;36m[Kport[m[K.c_str())
[0.370s]                               [01;36m[K^~~~[m[K
[0.370s]                               [32m[Kport_[m[K
[0.430s] make[2]: *** [CMakeFiles/serial.dir/src/impl/unix.cc.o] Error 1
[0.430s] make[1]: *** [CMakeFiles/serial.dir/all] Error 2
[0.430s] make: *** [all] Error 2
