[0.080s] [35m[1mScanning dependencies of target serial[0m
[0.095s] [ 25%] [32mBuilding CXX object CMakeFiles/serial.dir/src/impl/unix.cc.o[0m
[0.343s] [01m[K/home/nikhil/nourish_ws/src/serial-ros2/src/impl/unix.cc:[m[K In member function â€˜[01m[Kvoid serial::Serial::SerialImpl::open()[m[Kâ€™:
[0.344s] [01m[K/home/nikhil/nourish_ws/src/serial-ros2/src/impl/unix.cc:141:26:[m[K [01;31m[Kerror: [m[Kâ€˜[01m[Kport[m[Kâ€™ was not declared in this scope
[0.344s]    printf("File name %s", [01;31m[Kport[m[K.c_str())
[0.345s]                           [01;31m[K^~~~[m[K
[0.346s] [01m[K/home/nikhil/nourish_ws/src/serial-ros2/src/impl/unix.cc:141:26:[m[K [01;36m[Knote: [m[Ksuggested alternative: â€˜[01m[Kport_[m[Kâ€™
[0.347s]    printf("File name %s", [01;36m[Kport[m[K.c_str())
[0.347s]                           [01;36m[K^~~~[m[K
[0.347s]                           [32m[Kport_[m[K
[0.396s] CMakeFiles/serial.dir/build.make:86: recipe for target 'CMakeFiles/serial.dir/src/impl/unix.cc.o' failed
[0.396s] make[2]: *** [CMakeFiles/serial.dir/src/impl/unix.cc.o] Error 1
[0.396s] CMakeFiles/Makefile2:67: recipe for target 'CMakeFiles/serial.dir/all' failed
[0.396s] make[1]: *** [CMakeFiles/serial.dir/all] Error 2
[0.396s] Makefile:140: recipe for target 'all' failed
[0.396s] make: *** [all] Error 2
